22:24:00.690 [main] INFO  testcases.Logtest - On Start
22:24:17.457 [main] INFO  testcases.Logtest - Before navigating to: 'http://www.automationpractice.com'
22:24:28.593 [main] INFO  testcases.Logtest - Navigated to:'http://www.automationpractice.com'
22:24:28.799 [main] INFO  testcases.Logtest - Test is Started
22:24:28.799 [main] INFO  testcases.Logtest - Trying to find Element By : By.xpath: //a[contains(text(),'Sign in')][1]
22:24:29.000 [main] INFO  testcases.Logtest - Found Element By : By.xpath: //a[contains(text(),'Sign in')][1]
22:24:29.010 [main] INFO  testcases.Logtest - Trying to click on: [[ChromeDriver: chrome on WINDOWS (8d2004854ca182c6cbb5e2637ce1616c)] -> xpath: //a[contains(text(),'Sign in')][1]]
22:24:35.012 [main] INFO  testcases.Logtest - Clicked on: [[ChromeDriver: chrome on WINDOWS (8d2004854ca182c6cbb5e2637ce1616c)] -> xpath: //a[contains(text(),'Sign in')][1]]
22:24:35.012 [main] INFO  testcases.Logtest - Trying to find Element By : By.xpath: //input[@id='email_create']
22:24:35.149 [main] INFO  testcases.Logtest - Found Element By : By.xpath: //input[@id='email_create']
22:24:35.767 [main] INFO  testcases.Logtest - Trying to find Element By : By.xpath: //button[@name='SubmitCreate']
22:24:35.796 [main] INFO  testcases.Logtest - Found Element By : By.xpath: //button[@name='SubmitCreate']
22:24:35.796 [main] INFO  testcases.Logtest - Trying to click on: [[ChromeDriver: chrome on WINDOWS (8d2004854ca182c6cbb5e2637ce1616c)] -> xpath: //button[@name='SubmitCreate']]
22:24:35.903 [main] INFO  testcases.Logtest - Clicked on: [[ChromeDriver: chrome on WINDOWS (8d2004854ca182c6cbb5e2637ce1616c)] -> xpath: //button[@name='SubmitCreate']]
22:24:40.910 [main] INFO  testcases.Logtest - Trying to find Element By : By.xpath: //input[@id='customer_firstname']
22:24:40.937 [main] INFO  testcases.Logtest - Found Element By : By.xpath: //input[@id='customer_firstname']
22:24:41.222 [main] INFO  testcases.Logtest - Trying to find Element By : By.xpath: //input[@id='customer_lastname']
22:24:41.244 [main] INFO  testcases.Logtest - Found Element By : By.xpath: //input[@id='customer_lastname']
22:24:41.379 [main] INFO  testcases.Logtest - Trying to find Element By : By.xpath: //input[@id='passwd']
22:24:41.415 [main] INFO  testcases.Logtest - Found Element By : By.xpath: //input[@id='passwd']
22:24:41.624 [main] INFO  testcases.Logtest - Trying to find Element By : By.xpath: //input[@id='newsletter']
22:24:41.659 [main] INFO  testcases.Logtest - Found Element By : By.xpath: //input[@id='newsletter']
22:24:41.660 [main] INFO  testcases.Logtest - Trying to click on: [[ChromeDriver: chrome on WINDOWS (8d2004854ca182c6cbb5e2637ce1616c)] -> xpath: //input[@id='newsletter']]
22:24:41.792 [main] INFO  testcases.Logtest - Clicked on: [[ChromeDriver: chrome on WINDOWS (8d2004854ca182c6cbb5e2637ce1616c)] -> xpath: //input[@id='newsletter']]
22:24:41.792 [main] INFO  testcases.Logtest - Trying to find Element By : By.xpath: //input[@id='postcode']
22:24:41.835 [main] INFO  testcases.Logtest - Found Element By : By.xpath: //input[@id='postcode']
22:24:42.027 [main] INFO  testcases.Logtest - Trying to find Element By : By.xpath: //input[@id='city']
22:24:42.057 [main] INFO  testcases.Logtest - Found Element By : By.xpath: //input[@id='city']
22:24:42.266 [main] INFO  testcases.Logtest - Trying to find Element By : By.xpath: //input[@id='address1']
22:24:42.307 [main] INFO  testcases.Logtest - Found Element By : By.xpath: //input[@id='address1']
22:24:42.525 [main] INFO  testcases.Logtest - Trying to find Element By : By.xpath: //input[@id='address2']
22:24:42.558 [main] INFO  testcases.Logtest - Found Element By : By.xpath: //input[@id='address2']
22:24:42.918 [main] INFO  testcases.Logtest - Trying to find Element By : By.xpath: //input[@id='phone']
22:24:42.945 [main] INFO  testcases.Logtest - Found Element By : By.xpath: //input[@id='phone']
22:24:43.107 [main] INFO  testcases.Logtest - Trying to find Element By : By.xpath: //input[@id='phone_mobile']
22:24:43.187 [main] INFO  testcases.Logtest - Found Element By : By.xpath: //input[@id='phone_mobile']
22:24:43.344 [main] INFO  testcases.Logtest - Trying to find Element By : By.xpath: //input[@id='company']
22:24:43.377 [main] INFO  testcases.Logtest - Found Element By : By.xpath: //input[@id='company']
22:24:43.607 [main] INFO  testcases.Logtest - Trying to find Element By : By.xpath: //select[@id='days']
22:24:43.634 [main] INFO  testcases.Logtest - Found Element By : By.xpath: //select[@id='days']
22:24:46.748 [main] INFO  testcases.Logtest - Trying to find Element By : By.xpath: //select[@id='years']
22:24:46.774 [main] INFO  testcases.Logtest - Found Element By : By.xpath: //select[@id='years']
22:24:49.940 [main] INFO  testcases.Logtest - Trying to find Element By : By.xpath: //select[@id='months']
22:24:49.976 [main] INFO  testcases.Logtest - Found Element By : By.xpath: //select[@id='months']
22:24:50.142 [main] INFO  testcases.Logtest - Test is Success
22:24:56.968 [main] INFO  testcases.Logtest - Before navigating to: 'http://www.automationpractice.com'
22:25:07.710 [main] INFO  testcases.Logtest - Navigated to:'http://www.automationpractice.com'
22:25:07.714 [main] INFO  testcases.Logtest - Test is Started
22:25:07.714 [main] INFO  testcases.Logtest - Trying to find Element By : By.xpath: //a[contains(text(),'Sign in')][1]
22:25:07.740 [main] INFO  testcases.Logtest - Found Element By : By.xpath: //a[contains(text(),'Sign in')][1]
22:25:07.740 [main] INFO  testcases.Logtest - Trying to click on: [[ChromeDriver: chrome on WINDOWS (ade5f53862aa6b8676c0d2227bc8f411)] -> xpath: //a[contains(text(),'Sign in')][1]]
22:25:10.094 [main] INFO  testcases.Logtest - Clicked on: [[ChromeDriver: chrome on WINDOWS (ade5f53862aa6b8676c0d2227bc8f411)] -> xpath: //a[contains(text(),'Sign in')][1]]
22:25:10.094 [main] INFO  testcases.Logtest - Trying to find Element By : By.xpath: //input[@id='email_create']
22:25:10.187 [main] INFO  testcases.Logtest - Found Element By : By.xpath: //input[@id='email_create']
22:25:10.492 [main] INFO  testcases.Logtest - Trying to find Element By : By.xpath: //button[@name='SubmitCreate']
22:25:10.540 [main] INFO  testcases.Logtest - Found Element By : By.xpath: //button[@name='SubmitCreate']
22:25:10.541 [main] INFO  testcases.Logtest - Trying to click on: [[ChromeDriver: chrome on WINDOWS (ade5f53862aa6b8676c0d2227bc8f411)] -> xpath: //button[@name='SubmitCreate']]
22:25:10.682 [main] INFO  testcases.Logtest - Clicked on: [[ChromeDriver: chrome on WINDOWS (ade5f53862aa6b8676c0d2227bc8f411)] -> xpath: //button[@name='SubmitCreate']]
22:25:15.690 [main] INFO  testcases.Logtest - Trying to find Element By : By.xpath: //input[@id='customer_firstname']
22:25:15.715 [main] INFO  testcases.Logtest - Found Element By : By.xpath: //input[@id='customer_firstname']
22:25:15.878 [main] INFO  testcases.Logtest - Trying to find Element By : By.xpath: //input[@id='customer_lastname']
22:25:15.908 [main] INFO  testcases.Logtest - Found Element By : By.xpath: //input[@id='customer_lastname']
22:25:16.042 [main] INFO  testcases.Logtest - Trying to find Element By : By.xpath: //input[@id='passwd']
22:25:16.075 [main] INFO  testcases.Logtest - Found Element By : By.xpath: //input[@id='passwd']
22:25:16.228 [main] INFO  testcases.Logtest - Trying to find Element By : By.xpath: //input[@id='newsletter']
22:25:16.264 [main] INFO  testcases.Logtest - Found Element By : By.xpath: //input[@id='newsletter']
22:25:16.264 [main] INFO  testcases.Logtest - Trying to click on: [[ChromeDriver: chrome on WINDOWS (ade5f53862aa6b8676c0d2227bc8f411)] -> xpath: //input[@id='newsletter']]
22:25:16.414 [main] INFO  testcases.Logtest - Clicked on: [[ChromeDriver: chrome on WINDOWS (ade5f53862aa6b8676c0d2227bc8f411)] -> xpath: //input[@id='newsletter']]
22:25:16.414 [main] INFO  testcases.Logtest - Trying to find Element By : By.xpath: //input[@id='postcode']
22:25:16.444 [main] INFO  testcases.Logtest - Found Element By : By.xpath: //input[@id='postcode']
22:25:16.645 [main] INFO  testcases.Logtest - Trying to find Element By : By.xpath: //input[@id='city']
22:25:16.688 [main] INFO  testcases.Logtest - Found Element By : By.xpath: //input[@id='city']
22:25:16.837 [main] INFO  testcases.Logtest - Trying to find Element By : By.xpath: //input[@id='address1']
22:25:16.872 [main] INFO  testcases.Logtest - Found Element By : By.xpath: //input[@id='address1']
22:25:17.078 [main] INFO  testcases.Logtest - Trying to find Element By : By.xpath: //input[@id='address2']
22:25:17.109 [main] INFO  testcases.Logtest - Found Element By : By.xpath: //input[@id='address2']
22:25:17.445 [main] INFO  testcases.Logtest - Trying to find Element By : By.xpath: //input[@id='phone']
22:25:17.473 [main] INFO  testcases.Logtest - Found Element By : By.xpath: //input[@id='phone']
22:25:17.639 [main] INFO  testcases.Logtest - Trying to find Element By : By.xpath: //input[@id='phone_mobile']
22:25:17.703 [main] INFO  testcases.Logtest - Found Element By : By.xpath: //input[@id='phone_mobile']
22:25:17.885 [main] INFO  testcases.Logtest - Trying to find Element By : By.xpath: //input[@id='company']
22:25:17.915 [main] INFO  testcases.Logtest - Found Element By : By.xpath: //input[@id='company']
22:25:18.160 [main] INFO  testcases.Logtest - Trying to find Element By : By.xpath: //select[@id='days']
22:25:18.188 [main] INFO  testcases.Logtest - Found Element By : By.xpath: //select[@id='days']
22:25:21.325 [main] INFO  testcases.Logtest - Trying to find Element By : By.xpath: //select[@id='years']
22:25:21.347 [main] INFO  testcases.Logtest - Found Element By : By.xpath: //select[@id='years']
22:25:21.488 [main] INFO  testcases.Logtest - Test is Success
22:25:27.297 [main] INFO  testcases.Logtest - Before navigating to: 'http://www.automationpractice.com'
22:25:37.247 [main] INFO  testcases.Logtest - Navigated to:'http://www.automationpractice.com'
22:25:37.250 [main] INFO  testcases.Logtest - Test is Started
22:25:37.256 [main] INFO  testcases.Logtest - Trying to find Element By : By.xpath: //a[contains(text(),'Sign in')][1]
22:25:37.284 [main] INFO  testcases.Logtest - Found Element By : By.xpath: //a[contains(text(),'Sign in')][1]
22:25:37.286 [main] INFO  testcases.Logtest - Trying to click on: [[ChromeDriver: chrome on WINDOWS (eb032ddc5dc191e09f5fce1dd72d8af4)] -> xpath: //a[contains(text(),'Sign in')][1]]
22:25:41.028 [main] INFO  testcases.Logtest - Clicked on: [[ChromeDriver: chrome on WINDOWS (eb032ddc5dc191e09f5fce1dd72d8af4)] -> xpath: //a[contains(text(),'Sign in')][1]]
22:25:41.029 [main] INFO  testcases.Logtest - Trying to find Element By : By.xpath: //input[@id='email_create']
22:25:41.168 [main] INFO  testcases.Logtest - Found Element By : By.xpath: //input[@id='email_create']
22:25:41.565 [main] INFO  testcases.Logtest - Trying to find Element By : By.xpath: //button[@name='SubmitCreate']
22:25:41.610 [main] INFO  testcases.Logtest - Found Element By : By.xpath: //button[@name='SubmitCreate']
22:25:41.610 [main] INFO  testcases.Logtest - Trying to click on: [[ChromeDriver: chrome on WINDOWS (eb032ddc5dc191e09f5fce1dd72d8af4)] -> xpath: //button[@name='SubmitCreate']]
22:25:41.702 [main] INFO  testcases.Logtest - Clicked on: [[ChromeDriver: chrome on WINDOWS (eb032ddc5dc191e09f5fce1dd72d8af4)] -> xpath: //button[@name='SubmitCreate']]
22:25:46.707 [main] INFO  testcases.Logtest - Trying to find Element By : By.xpath: //input[@id='customer_firstname']
22:25:46.729 [main] INFO  testcases.Logtest - Found Element By : By.xpath: //input[@id='customer_firstname']
22:25:46.879 [main] INFO  testcases.Logtest - Trying to find Element By : By.xpath: //input[@id='customer_lastname']
22:25:46.921 [main] INFO  testcases.Logtest - Found Element By : By.xpath: //input[@id='customer_lastname']
22:25:47.127 [main] INFO  testcases.Logtest - Trying to find Element By : By.xpath: //input[@id='passwd']
22:25:47.159 [main] INFO  testcases.Logtest - Found Element By : By.xpath: //input[@id='passwd']
22:25:47.335 [main] INFO  testcases.Logtest - Trying to find Element By : By.xpath: //input[@id='newsletter']
22:25:47.362 [main] INFO  testcases.Logtest - Found Element By : By.xpath: //input[@id='newsletter']
22:25:47.362 [main] INFO  testcases.Logtest - Trying to click on: [[ChromeDriver: chrome on WINDOWS (eb032ddc5dc191e09f5fce1dd72d8af4)] -> xpath: //input[@id='newsletter']]
22:25:47.499 [main] INFO  testcases.Logtest - Clicked on: [[ChromeDriver: chrome on WINDOWS (eb032ddc5dc191e09f5fce1dd72d8af4)] -> xpath: //input[@id='newsletter']]
22:25:47.499 [main] INFO  testcases.Logtest - Trying to find Element By : By.xpath: //input[@id='postcode']
22:25:47.543 [main] INFO  testcases.Logtest - Found Element By : By.xpath: //input[@id='postcode']
22:25:47.723 [main] INFO  testcases.Logtest - Trying to find Element By : By.xpath: //input[@id='city']
22:25:47.756 [main] INFO  testcases.Logtest - Found Element By : By.xpath: //input[@id='city']
22:25:47.964 [main] INFO  testcases.Logtest - Trying to find Element By : By.xpath: //input[@id='address1']
22:25:48.009 [main] INFO  testcases.Logtest - Found Element By : By.xpath: //input[@id='address1']
22:25:48.219 [main] INFO  testcases.Logtest - Trying to find Element By : By.xpath: //input[@id='address2']
22:25:48.248 [main] INFO  testcases.Logtest - Found Element By : By.xpath: //input[@id='address2']
22:25:48.681 [main] INFO  testcases.Logtest - Trying to find Element By : By.xpath: //input[@id='phone']
22:25:48.714 [main] INFO  testcases.Logtest - Found Element By : By.xpath: //input[@id='phone']
22:25:48.873 [main] INFO  testcases.Logtest - Trying to find Element By : By.xpath: //input[@id='phone_mobile']
22:25:48.916 [main] INFO  testcases.Logtest - Found Element By : By.xpath: //input[@id='phone_mobile']
22:25:49.130 [main] INFO  testcases.Logtest - Trying to find Element By : By.xpath: //input[@id='company']
22:25:49.167 [main] INFO  testcases.Logtest - Found Element By : By.xpath: //input[@id='company']
22:25:49.399 [main] INFO  testcases.Logtest - Trying to find Element By : By.xpath: //select[@id='days']
22:25:49.423 [main] INFO  testcases.Logtest - Found Element By : By.xpath: //select[@id='days']
22:25:52.597 [main] INFO  testcases.Logtest - Trying to find Element By : By.xpath: //select[@id='years']
22:25:52.617 [main] INFO  testcases.Logtest - Found Element By : By.xpath: //select[@id='years']
22:25:55.864 [main] INFO  testcases.Logtest - Trying to find Element By : By.xpath: //select[@id='months']
22:25:55.888 [main] INFO  testcases.Logtest - Found Element By : By.xpath: //select[@id='months']
22:25:56.010 [main] INFO  testcases.Logtest - Test is Success
22:25:57.571 [main] INFO  testcases.Logtest - On Finish
22:29:04.770 [main] INFO  testcases.Logtest - Before navigating to: 'http://www.automationpractice.com'
22:29:13.498 [main] INFO  testcases.Logtest - Navigated to:'http://www.automationpractice.com'
22:29:13.632 [main] INFO  testcases.Logtest - Trying to find Element By : By.xpath: //a[contains(text(),'Sign in')][1]
22:29:13.671 [main] INFO  testcases.Logtest - Found Element By : By.xpath: //a[contains(text(),'Sign in')][1]
22:29:13.683 [main] INFO  testcases.Logtest - Trying to click on: [[ChromeDriver: chrome on WINDOWS (204aae1287fc1c90d6e1e3c1e28aff31)] -> xpath: //a[contains(text(),'Sign in')][1]]
22:29:16.960 [main] INFO  testcases.Logtest - Clicked on: [[ChromeDriver: chrome on WINDOWS (204aae1287fc1c90d6e1e3c1e28aff31)] -> xpath: //a[contains(text(),'Sign in')][1]]
22:29:16.964 [main] INFO  testcases.Logtest - Trying to find Element By : By.xpath: //input[@id='email_create']
22:29:17.093 [main] INFO  testcases.Logtest - Found Element By : By.xpath: //input[@id='email_create']
22:29:17.689 [main] INFO  testcases.Logtest - Trying to find Element By : By.xpath: //button[@name='SubmitCreate']
22:29:17.715 [main] INFO  testcases.Logtest - Found Element By : By.xpath: //button[@name='SubmitCreate']
22:29:17.718 [main] INFO  testcases.Logtest - Trying to click on: [[ChromeDriver: chrome on WINDOWS (204aae1287fc1c90d6e1e3c1e28aff31)] -> xpath: //button[@name='SubmitCreate']]
22:29:17.829 [main] INFO  testcases.Logtest - Clicked on: [[ChromeDriver: chrome on WINDOWS (204aae1287fc1c90d6e1e3c1e28aff31)] -> xpath: //button[@name='SubmitCreate']]
22:29:22.830 [main] INFO  testcases.Logtest - Trying to find Element By : By.xpath: //input[@id='customer_firstname']
22:29:22.856 [main] INFO  testcases.Logtest - Found Element By : By.xpath: //input[@id='customer_firstname']
22:29:23.665 [main] INFO  testcases.Logtest - Trying to find Element By : By.xpath: //input[@id='customer_lastname']
22:29:23.687 [main] INFO  testcases.Logtest - Found Element By : By.xpath: //input[@id='customer_lastname']
22:29:23.807 [main] INFO  testcases.Logtest - Trying to find Element By : By.xpath: //input[@id='passwd']
22:29:23.842 [main] INFO  testcases.Logtest - Found Element By : By.xpath: //input[@id='passwd']
22:29:24.049 [main] INFO  testcases.Logtest - Trying to find Element By : By.xpath: //input[@id='newsletter']
22:29:24.083 [main] INFO  testcases.Logtest - Found Element By : By.xpath: //input[@id='newsletter']
22:29:24.083 [main] INFO  testcases.Logtest - Trying to click on: [[ChromeDriver: chrome on WINDOWS (204aae1287fc1c90d6e1e3c1e28aff31)] -> xpath: //input[@id='newsletter']]
22:29:24.195 [main] INFO  testcases.Logtest - Clicked on: [[ChromeDriver: chrome on WINDOWS (204aae1287fc1c90d6e1e3c1e28aff31)] -> xpath: //input[@id='newsletter']]
22:29:24.195 [main] INFO  testcases.Logtest - Trying to find Element By : By.xpath: //input[@id='postcode']
22:29:24.232 [main] INFO  testcases.Logtest - Found Element By : By.xpath: //input[@id='postcode']
22:29:24.433 [main] INFO  testcases.Logtest - Trying to find Element By : By.xpath: //input[@id='city']
22:29:24.465 [main] INFO  testcases.Logtest - Found Element By : By.xpath: //input[@id='city']
22:29:24.611 [main] INFO  testcases.Logtest - Trying to find Element By : By.xpath: //input[@id='address1']
22:29:24.641 [main] INFO  testcases.Logtest - Found Element By : By.xpath: //input[@id='address1']
22:29:24.864 [main] INFO  testcases.Logtest - Trying to find Element By : By.xpath: //input[@id='address2']
22:29:24.902 [main] INFO  testcases.Logtest - Found Element By : By.xpath: //input[@id='address2']
22:29:25.353 [main] INFO  testcases.Logtest - Trying to find Element By : By.xpath: //input[@id='phone']
22:29:25.376 [main] INFO  testcases.Logtest - Found Element By : By.xpath: //input[@id='phone']
22:29:25.552 [main] INFO  testcases.Logtest - Trying to find Element By : By.xpath: //input[@id='phone_mobile']
22:29:25.599 [main] INFO  testcases.Logtest - Found Element By : By.xpath: //input[@id='phone_mobile']
22:29:25.806 [main] INFO  testcases.Logtest - Trying to find Element By : By.xpath: //input[@id='company']
22:29:25.837 [main] INFO  testcases.Logtest - Found Element By : By.xpath: //input[@id='company']
22:29:26.049 [main] INFO  testcases.Logtest - Trying to find Element By : By.xpath: //select[@id='days']
22:29:26.084 [main] INFO  testcases.Logtest - Found Element By : By.xpath: //select[@id='days']
22:29:29.194 [main] INFO  testcases.Logtest - Trying to find Element By : By.xpath: //select[@id='years']
22:29:29.232 [main] INFO  testcases.Logtest - Found Element By : By.xpath: //select[@id='years']
22:29:32.402 [main] INFO  testcases.Logtest - Trying to find Element By : By.xpath: //select[@id='months']
22:29:32.427 [main] INFO  testcases.Logtest - Found Element By : By.xpath: //select[@id='months']
22:29:38.189 [main] INFO  testcases.Logtest - Before navigating to: 'http://www.automationpractice.com'
22:29:49.156 [main] INFO  testcases.Logtest - Navigated to:'http://www.automationpractice.com'
22:29:49.160 [main] INFO  testcases.Logtest - Trying to find Element By : By.xpath: //a[contains(text(),'Sign in')][1]
22:29:49.189 [main] INFO  testcases.Logtest - Found Element By : By.xpath: //a[contains(text(),'Sign in')][1]
22:29:49.190 [main] INFO  testcases.Logtest - Trying to click on: [[ChromeDriver: chrome on WINDOWS (832b14a220024de77307bde2fd5f7115)] -> xpath: //a[contains(text(),'Sign in')][1]]
22:29:57.585 [main] INFO  testcases.Logtest - Clicked on: [[ChromeDriver: chrome on WINDOWS (832b14a220024de77307bde2fd5f7115)] -> xpath: //a[contains(text(),'Sign in')][1]]
22:29:57.588 [main] INFO  testcases.Logtest - Trying to find Element By : By.xpath: //input[@id='email_create']
22:29:57.643 [main] INFO  testcases.Logtest - Found Element By : By.xpath: //input[@id='email_create']
22:29:58.066 [main] INFO  testcases.Logtest - Trying to find Element By : By.xpath: //button[@name='SubmitCreate']
22:29:58.115 [main] INFO  testcases.Logtest - Found Element By : By.xpath: //button[@name='SubmitCreate']
22:29:58.120 [main] INFO  testcases.Logtest - Trying to click on: [[ChromeDriver: chrome on WINDOWS (832b14a220024de77307bde2fd5f7115)] -> xpath: //button[@name='SubmitCreate']]
22:29:58.240 [main] INFO  testcases.Logtest - Clicked on: [[ChromeDriver: chrome on WINDOWS (832b14a220024de77307bde2fd5f7115)] -> xpath: //button[@name='SubmitCreate']]
22:30:03.247 [main] INFO  testcases.Logtest - Trying to find Element By : By.xpath: //input[@id='customer_firstname']
22:30:03.285 [main] INFO  testcases.Logtest - Found Element By : By.xpath: //input[@id='customer_firstname']
22:30:03.522 [main] INFO  testcases.Logtest - Trying to find Element By : By.xpath: //input[@id='customer_lastname']
22:30:03.544 [main] INFO  testcases.Logtest - Found Element By : By.xpath: //input[@id='customer_lastname']
22:30:03.661 [main] INFO  testcases.Logtest - Trying to find Element By : By.xpath: //input[@id='passwd']
22:30:03.694 [main] INFO  testcases.Logtest - Found Element By : By.xpath: //input[@id='passwd']
22:30:03.846 [main] INFO  testcases.Logtest - Trying to find Element By : By.xpath: //input[@id='newsletter']
22:30:03.893 [main] INFO  testcases.Logtest - Found Element By : By.xpath: //input[@id='newsletter']
22:30:03.894 [main] INFO  testcases.Logtest - Trying to click on: [[ChromeDriver: chrome on WINDOWS (832b14a220024de77307bde2fd5f7115)] -> xpath: //input[@id='newsletter']]
22:30:04.012 [main] INFO  testcases.Logtest - Clicked on: [[ChromeDriver: chrome on WINDOWS (832b14a220024de77307bde2fd5f7115)] -> xpath: //input[@id='newsletter']]
22:30:04.014 [main] INFO  testcases.Logtest - Trying to find Element By : By.xpath: //input[@id='postcode']
22:30:04.044 [main] INFO  testcases.Logtest - Found Element By : By.xpath: //input[@id='postcode']
22:30:04.213 [main] INFO  testcases.Logtest - Trying to find Element By : By.xpath: //input[@id='city']
22:30:04.247 [main] INFO  testcases.Logtest - Found Element By : By.xpath: //input[@id='city']
22:30:04.416 [main] INFO  testcases.Logtest - Trying to find Element By : By.xpath: //input[@id='address1']
22:30:04.444 [main] INFO  testcases.Logtest - Found Element By : By.xpath: //input[@id='address1']
22:30:04.650 [main] INFO  testcases.Logtest - Trying to find Element By : By.xpath: //input[@id='address2']
22:30:04.684 [main] INFO  testcases.Logtest - Found Element By : By.xpath: //input[@id='address2']
22:30:05.008 [main] INFO  testcases.Logtest - Trying to find Element By : By.xpath: //input[@id='phone']
22:30:05.030 [main] INFO  testcases.Logtest - Found Element By : By.xpath: //input[@id='phone']
22:30:05.214 [main] INFO  testcases.Logtest - Trying to find Element By : By.xpath: //input[@id='phone_mobile']
22:30:05.288 [main] INFO  testcases.Logtest - Found Element By : By.xpath: //input[@id='phone_mobile']
22:30:05.441 [main] INFO  testcases.Logtest - Trying to find Element By : By.xpath: //input[@id='company']
22:30:05.465 [main] INFO  testcases.Logtest - Found Element By : By.xpath: //input[@id='company']
22:30:05.704 [main] INFO  testcases.Logtest - Trying to find Element By : By.xpath: //select[@id='days']
22:30:05.731 [main] INFO  testcases.Logtest - Found Element By : By.xpath: //select[@id='days']
22:30:08.855 [main] INFO  testcases.Logtest - Trying to find Element By : By.xpath: //select[@id='years']
22:30:08.889 [main] INFO  testcases.Logtest - Found Element By : By.xpath: //select[@id='years']
22:30:12.035 [main] INFO  testcases.Logtest - Trying to find Element By : By.xpath: //select[@id='months']
22:30:12.074 [main] INFO  testcases.Logtest - Found Element By : By.xpath: //select[@id='months']
22:30:19.598 [main] INFO  testcases.Logtest - Before navigating to: 'http://www.automationpractice.com'
22:30:30.953 [main] INFO  testcases.Logtest - Navigated to:'http://www.automationpractice.com'
22:30:30.960 [main] INFO  testcases.Logtest - Trying to find Element By : By.xpath: //a[contains(text(),'Sign in')][1]
22:30:30.987 [main] INFO  testcases.Logtest - Found Element By : By.xpath: //a[contains(text(),'Sign in')][1]
22:30:30.987 [main] INFO  testcases.Logtest - Trying to click on: [[ChromeDriver: chrome on WINDOWS (2aed9d0cf202c4ae6e7210425555092b)] -> xpath: //a[contains(text(),'Sign in')][1]]
22:30:35.722 [main] INFO  testcases.Logtest - Clicked on: [[ChromeDriver: chrome on WINDOWS (2aed9d0cf202c4ae6e7210425555092b)] -> xpath: //a[contains(text(),'Sign in')][1]]
22:30:35.725 [main] INFO  testcases.Logtest - Trying to find Element By : By.xpath: //input[@id='email_create']
22:30:35.785 [main] INFO  testcases.Logtest - Found Element By : By.xpath: //input[@id='email_create']
22:30:36.159 [main] INFO  testcases.Logtest - Trying to find Element By : By.xpath: //button[@name='SubmitCreate']
22:30:36.188 [main] INFO  testcases.Logtest - Found Element By : By.xpath: //button[@name='SubmitCreate']
22:30:36.191 [main] INFO  testcases.Logtest - Trying to click on: [[ChromeDriver: chrome on WINDOWS (2aed9d0cf202c4ae6e7210425555092b)] -> xpath: //button[@name='SubmitCreate']]
22:30:36.345 [main] INFO  testcases.Logtest - Clicked on: [[ChromeDriver: chrome on WINDOWS (2aed9d0cf202c4ae6e7210425555092b)] -> xpath: //button[@name='SubmitCreate']]
22:30:41.346 [main] INFO  testcases.Logtest - Trying to find Element By : By.xpath: //input[@id='customer_firstname']
22:30:41.369 [main] INFO  testcases.Logtest - Found Element By : By.xpath: //input[@id='customer_firstname']
22:30:41.536 [main] INFO  testcases.Logtest - Trying to find Element By : By.xpath: //input[@id='customer_lastname']
22:30:41.570 [main] INFO  testcases.Logtest - Found Element By : By.xpath: //input[@id='customer_lastname']
22:30:41.707 [main] INFO  testcases.Logtest - Trying to find Element By : By.xpath: //input[@id='passwd']
22:30:41.748 [main] INFO  testcases.Logtest - Found Element By : By.xpath: //input[@id='passwd']
22:30:41.904 [main] INFO  testcases.Logtest - Trying to find Element By : By.xpath: //input[@id='newsletter']
22:30:41.968 [main] INFO  testcases.Logtest - Found Element By : By.xpath: //input[@id='newsletter']
22:30:41.968 [main] INFO  testcases.Logtest - Trying to click on: [[ChromeDriver: chrome on WINDOWS (2aed9d0cf202c4ae6e7210425555092b)] -> xpath: //input[@id='newsletter']]
22:30:42.107 [main] INFO  testcases.Logtest - Clicked on: [[ChromeDriver: chrome on WINDOWS (2aed9d0cf202c4ae6e7210425555092b)] -> xpath: //input[@id='newsletter']]
22:30:42.107 [main] INFO  testcases.Logtest - Trying to find Element By : By.xpath: //input[@id='postcode']
22:30:42.139 [main] INFO  testcases.Logtest - Found Element By : By.xpath: //input[@id='postcode']
22:30:42.358 [main] INFO  testcases.Logtest - Trying to find Element By : By.xpath: //input[@id='city']
22:30:42.391 [main] INFO  testcases.Logtest - Found Element By : By.xpath: //input[@id='city']
22:30:42.565 [main] INFO  testcases.Logtest - Trying to find Element By : By.xpath: //input[@id='address1']
22:30:42.607 [main] INFO  testcases.Logtest - Found Element By : By.xpath: //input[@id='address1']
22:30:42.834 [main] INFO  testcases.Logtest - Trying to find Element By : By.xpath: //input[@id='address2']
22:30:42.875 [main] INFO  testcases.Logtest - Found Element By : By.xpath: //input[@id='address2']
22:30:43.226 [main] INFO  testcases.Logtest - Trying to find Element By : By.xpath: //input[@id='phone']
22:30:43.253 [main] INFO  testcases.Logtest - Found Element By : By.xpath: //input[@id='phone']
22:30:43.457 [main] INFO  testcases.Logtest - Trying to find Element By : By.xpath: //input[@id='phone_mobile']
22:30:43.574 [main] INFO  testcases.Logtest - Found Element By : By.xpath: //input[@id='phone_mobile']
22:30:43.742 [main] INFO  testcases.Logtest - Trying to find Element By : By.xpath: //input[@id='company']
22:30:43.777 [main] INFO  testcases.Logtest - Found Element By : By.xpath: //input[@id='company']
22:30:44.001 [main] INFO  testcases.Logtest - Trying to find Element By : By.xpath: //select[@id='days']
22:30:44.034 [main] INFO  testcases.Logtest - Found Element By : By.xpath: //select[@id='days']
22:30:47.150 [main] INFO  testcases.Logtest - Trying to find Element By : By.xpath: //select[@id='years']
22:30:47.176 [main] INFO  testcases.Logtest - Found Element By : By.xpath: //select[@id='years']
22:30:50.343 [main] INFO  testcases.Logtest - Trying to find Element By : By.xpath: //select[@id='months']
22:30:50.383 [main] INFO  testcases.Logtest - Found Element By : By.xpath: //select[@id='months']
22:30:56.007 [main] INFO  testcases.Logtest - Before navigating to: 'http://www.automationpractice.com'
22:31:08.114 [main] INFO  testcases.Logtest - Navigated to:'http://www.automationpractice.com'
22:31:08.122 [main] INFO  testcases.Logtest - Trying to find Element By : By.xpath: //a[contains(text(),'Sign in')][1]
22:31:08.149 [main] INFO  testcases.Logtest - Found Element By : By.xpath: //a[contains(text(),'Sign in')][1]
22:31:08.150 [main] INFO  testcases.Logtest - Trying to click on: [[ChromeDriver: chrome on WINDOWS (0614ce1914ba7d72f6b289c8697b7410)] -> xpath: //a[contains(text(),'Sign in')][1]]
22:31:12.492 [main] INFO  testcases.Logtest - Clicked on: [[ChromeDriver: chrome on WINDOWS (0614ce1914ba7d72f6b289c8697b7410)] -> xpath: //a[contains(text(),'Sign in')][1]]
22:31:12.496 [main] INFO  testcases.Logtest - Trying to find Element By : By.xpath: //input[@id='email_create']
22:31:12.626 [main] INFO  testcases.Logtest - Found Element By : By.xpath: //input[@id='email_create']
22:31:13.101 [main] INFO  testcases.Logtest - Trying to find Element By : By.xpath: //button[@name='SubmitCreate']
22:31:13.124 [main] INFO  testcases.Logtest - Found Element By : By.xpath: //button[@name='SubmitCreate']
22:31:13.126 [main] INFO  testcases.Logtest - Trying to click on: [[ChromeDriver: chrome on WINDOWS (0614ce1914ba7d72f6b289c8697b7410)] -> xpath: //button[@name='SubmitCreate']]
22:31:13.225 [main] INFO  testcases.Logtest - Clicked on: [[ChromeDriver: chrome on WINDOWS (0614ce1914ba7d72f6b289c8697b7410)] -> xpath: //button[@name='SubmitCreate']]
22:31:18.238 [main] INFO  testcases.Logtest - Trying to find Element By : By.xpath: //input[@id='customer_firstname']
22:31:18.266 [main] INFO  testcases.Logtest - Found Element By : By.xpath: //input[@id='customer_firstname']
22:31:18.490 [main] INFO  testcases.Logtest - Trying to find Element By : By.xpath: //input[@id='customer_lastname']
22:31:18.514 [main] INFO  testcases.Logtest - Found Element By : By.xpath: //input[@id='customer_lastname']
22:31:18.640 [main] INFO  testcases.Logtest - Trying to find Element By : By.xpath: //input[@id='passwd']
22:31:18.677 [main] INFO  testcases.Logtest - Found Element By : By.xpath: //input[@id='passwd']
22:31:18.825 [main] INFO  testcases.Logtest - Trying to find Element By : By.xpath: //input[@id='newsletter']
22:31:18.900 [main] INFO  testcases.Logtest - Found Element By : By.xpath: //input[@id='newsletter']
22:31:18.900 [main] INFO  testcases.Logtest - Trying to click on: [[ChromeDriver: chrome on WINDOWS (0614ce1914ba7d72f6b289c8697b7410)] -> xpath: //input[@id='newsletter']]
22:31:19.040 [main] INFO  testcases.Logtest - Clicked on: [[ChromeDriver: chrome on WINDOWS (0614ce1914ba7d72f6b289c8697b7410)] -> xpath: //input[@id='newsletter']]
22:31:19.041 [main] INFO  testcases.Logtest - Trying to find Element By : By.xpath: //input[@id='postcode']
22:31:19.072 [main] INFO  testcases.Logtest - Found Element By : By.xpath: //input[@id='postcode']
22:31:19.256 [main] INFO  testcases.Logtest - Trying to find Element By : By.xpath: //input[@id='city']
22:31:19.282 [main] INFO  testcases.Logtest - Found Element By : By.xpath: //input[@id='city']
22:31:19.441 [main] INFO  testcases.Logtest - Trying to find Element By : By.xpath: //input[@id='address1']
22:31:19.476 [main] INFO  testcases.Logtest - Found Element By : By.xpath: //input[@id='address1']
22:31:19.686 [main] INFO  testcases.Logtest - Trying to find Element By : By.xpath: //input[@id='address2']
22:31:19.727 [main] INFO  testcases.Logtest - Found Element By : By.xpath: //input[@id='address2']
22:31:20.036 [main] INFO  testcases.Logtest - Trying to find Element By : By.xpath: //input[@id='phone']
22:31:20.057 [main] INFO  testcases.Logtest - Found Element By : By.xpath: //input[@id='phone']
22:31:20.224 [main] INFO  testcases.Logtest - Trying to find Element By : By.xpath: //input[@id='phone_mobile']
22:31:20.289 [main] INFO  testcases.Logtest - Found Element By : By.xpath: //input[@id='phone_mobile']
22:31:20.461 [main] INFO  testcases.Logtest - Trying to find Element By : By.xpath: //input[@id='company']
22:31:20.492 [main] INFO  testcases.Logtest - Found Element By : By.xpath: //input[@id='company']
22:31:20.735 [main] INFO  testcases.Logtest - Trying to find Element By : By.xpath: //select[@id='days']
22:31:20.758 [main] INFO  testcases.Logtest - Found Element By : By.xpath: //select[@id='days']
22:31:23.869 [main] INFO  testcases.Logtest - Trying to find Element By : By.xpath: //select[@id='years']
22:31:23.908 [main] INFO  testcases.Logtest - Found Element By : By.xpath: //select[@id='years']
22:31:29.091 [main] INFO  testcases.Logtest - Before navigating to: 'http://www.automationpractice.com'
22:31:40.581 [main] INFO  testcases.Logtest - Navigated to:'http://www.automationpractice.com'
22:31:40.592 [main] INFO  testcases.Logtest - Trying to find Element By : By.xpath: //a[contains(text(),'Sign in')][1]
22:31:40.638 [main] INFO  testcases.Logtest - Found Element By : By.xpath: //a[contains(text(),'Sign in')][1]
22:31:40.638 [main] INFO  testcases.Logtest - Trying to click on: [[ChromeDriver: chrome on WINDOWS (b66e37edb9d663eeedfc26079d3219df)] -> xpath: //a[contains(text(),'Sign in')][1]]
22:31:45.311 [main] INFO  testcases.Logtest - Clicked on: [[ChromeDriver: chrome on WINDOWS (b66e37edb9d663eeedfc26079d3219df)] -> xpath: //a[contains(text(),'Sign in')][1]]
22:31:45.311 [main] INFO  testcases.Logtest - Trying to find Element By : By.xpath: //input[@id='email_create']
22:31:45.416 [main] INFO  testcases.Logtest - Found Element By : By.xpath: //input[@id='email_create']
22:31:45.915 [main] INFO  testcases.Logtest - Trying to find Element By : By.xpath: //button[@name='SubmitCreate']
22:31:45.945 [main] INFO  testcases.Logtest - Found Element By : By.xpath: //button[@name='SubmitCreate']
22:31:45.946 [main] INFO  testcases.Logtest - Trying to click on: [[ChromeDriver: chrome on WINDOWS (b66e37edb9d663eeedfc26079d3219df)] -> xpath: //button[@name='SubmitCreate']]
22:31:46.047 [main] INFO  testcases.Logtest - Clicked on: [[ChromeDriver: chrome on WINDOWS (b66e37edb9d663eeedfc26079d3219df)] -> xpath: //button[@name='SubmitCreate']]
22:31:51.069 [main] INFO  testcases.Logtest - Trying to find Element By : By.xpath: //input[@id='customer_firstname']
22:31:51.092 [main] INFO  testcases.Logtest - Found Element By : By.xpath: //input[@id='customer_firstname']
22:31:51.285 [main] INFO  testcases.Logtest - Trying to find Element By : By.xpath: //input[@id='customer_lastname']
22:31:51.341 [main] INFO  testcases.Logtest - Found Element By : By.xpath: //input[@id='customer_lastname']
22:31:51.485 [main] INFO  testcases.Logtest - Trying to find Element By : By.xpath: //input[@id='passwd']
22:31:51.519 [main] INFO  testcases.Logtest - Found Element By : By.xpath: //input[@id='passwd']
22:31:51.712 [main] INFO  testcases.Logtest - Trying to find Element By : By.xpath: //input[@id='newsletter']
22:31:51.738 [main] INFO  testcases.Logtest - Found Element By : By.xpath: //input[@id='newsletter']
22:31:51.738 [main] INFO  testcases.Logtest - Trying to click on: [[ChromeDriver: chrome on WINDOWS (b66e37edb9d663eeedfc26079d3219df)] -> xpath: //input[@id='newsletter']]
22:31:51.853 [main] INFO  testcases.Logtest - Clicked on: [[ChromeDriver: chrome on WINDOWS (b66e37edb9d663eeedfc26079d3219df)] -> xpath: //input[@id='newsletter']]
22:31:51.854 [main] INFO  testcases.Logtest - Trying to find Element By : By.xpath: //input[@id='postcode']
22:31:51.888 [main] INFO  testcases.Logtest - Found Element By : By.xpath: //input[@id='postcode']
22:31:52.067 [main] INFO  testcases.Logtest - Trying to find Element By : By.xpath: //input[@id='city']
22:31:52.101 [main] INFO  testcases.Logtest - Found Element By : By.xpath: //input[@id='city']
22:31:52.269 [main] INFO  testcases.Logtest - Trying to find Element By : By.xpath: //input[@id='address1']
22:31:52.299 [main] INFO  testcases.Logtest - Found Element By : By.xpath: //input[@id='address1']
22:31:52.518 [main] INFO  testcases.Logtest - Trying to find Element By : By.xpath: //input[@id='address2']
22:31:52.549 [main] INFO  testcases.Logtest - Found Element By : By.xpath: //input[@id='address2']
22:31:52.972 [main] INFO  testcases.Logtest - Trying to find Element By : By.xpath: //input[@id='phone']
22:31:53.000 [main] INFO  testcases.Logtest - Found Element By : By.xpath: //input[@id='phone']
22:31:53.162 [main] INFO  testcases.Logtest - Trying to find Element By : By.xpath: //input[@id='phone_mobile']
22:31:53.200 [main] INFO  testcases.Logtest - Found Element By : By.xpath: //input[@id='phone_mobile']
22:31:53.428 [main] INFO  testcases.Logtest - Trying to find Element By : By.xpath: //input[@id='company']
22:31:53.465 [main] INFO  testcases.Logtest - Found Element By : By.xpath: //input[@id='company']
22:31:53.731 [main] INFO  testcases.Logtest - Trying to find Element By : By.xpath: //select[@id='days']
22:31:53.761 [main] INFO  testcases.Logtest - Found Element By : By.xpath: //select[@id='days']
22:31:56.896 [main] INFO  testcases.Logtest - Trying to find Element By : By.xpath: //select[@id='years']
22:31:56.918 [main] INFO  testcases.Logtest - Found Element By : By.xpath: //select[@id='years']
22:32:00.084 [main] INFO  testcases.Logtest - Trying to find Element By : By.xpath: //select[@id='months']
22:32:00.103 [main] INFO  testcases.Logtest - Found Element By : By.xpath: //select[@id='months']
19:02:30.644 [main] INFO  testcases.Logtest - On Start
19:03:02.192 [main] INFO  testcases.Logtest - Before navigating to: 'http://www.automationpractice.com'
19:03:22.653 [main] INFO  testcases.Logtest - Navigated to:'http://www.automationpractice.com'
19:03:24.067 [main] INFO  testcases.Logtest - Test is Started
19:03:24.079 [main] INFO  testcases.Logtest - Trying to find Element By : By.xpath: //a[contains(text(),'Sign in')][1]
19:03:25.491 [main] INFO  testcases.Logtest - Found Element By : By.xpath: //a[contains(text(),'Sign in')][1]
19:03:25.500 [main] INFO  testcases.Logtest - Trying to click on: [[ChromeDriver: chrome on WINDOWS (7916c3adaaba0fc9f0dad0d9a56fe9f6)] -> xpath: //a[contains(text(),'Sign in')][1]]
19:03:31.247 [main] INFO  testcases.Logtest - Clicked on: [[ChromeDriver: chrome on WINDOWS (7916c3adaaba0fc9f0dad0d9a56fe9f6)] -> xpath: //a[contains(text(),'Sign in')][1]]
19:03:31.247 [main] INFO  testcases.Logtest - Trying to find Element By : By.xpath: //input[@id='email_create']
19:03:31.291 [main] INFO  testcases.Logtest - Found Element By : By.xpath: //input[@id='email_create']
19:03:35.374 [main] INFO  testcases.Logtest - Trying to find Element By : By.xpath: //button[@name='SubmitCreate']
19:03:35.671 [main] INFO  testcases.Logtest - Found Element By : By.xpath: //button[@name='SubmitCreate']
19:03:35.672 [main] INFO  testcases.Logtest - Trying to click on: [[ChromeDriver: chrome on WINDOWS (7916c3adaaba0fc9f0dad0d9a56fe9f6)] -> xpath: //button[@name='SubmitCreate']]
19:03:36.947 [main] INFO  testcases.Logtest - Clicked on: [[ChromeDriver: chrome on WINDOWS (7916c3adaaba0fc9f0dad0d9a56fe9f6)] -> xpath: //button[@name='SubmitCreate']]
19:03:41.949 [main] INFO  testcases.Logtest - Trying to find Element By : By.xpath: //input[@id='customer_firstname']
19:03:53.960 [main] INFO  testcases.Logtest - Exception occured: org.openqa.selenium.NoSuchElementException: no such element: Unable to locate element: {"method":"xpath","selector":"//input[@id='customer_firstname']"}
  (Session info: chrome=89.0.4389.90)
For documentation on this error, please visit: https://www.seleniumhq.org/exceptions/no_such_element.html
Build info: version: '3.141.59', revision: 'e82be7d358', time: '2018-11-14T08:17:03'
System info: host: 'RICKEY', ip: '192.168.0.7', os.name: 'Windows 10', os.arch: 'amd64', os.version: '10.0', java.version: '15.0.1'
Driver info: org.openqa.selenium.chrome.ChromeDriver
Capabilities {acceptInsecureCerts: false, browserName: chrome, browserVersion: 89.0.4389.90, chrome: {chromedriverVersion: 89.0.4389.23 (61b08ee2c5002..., userDataDir: C:\Users\Venkat\AppData\Loc...}, goog:chromeOptions: {debuggerAddress: localhost:5372}, javascriptEnabled: true, networkConnectionEnabled: false, pageLoadStrategy: normal, platform: WINDOWS, platformName: WINDOWS, proxy: Proxy(), setWindowRect: true, strictFileInteractability: false, timeouts: {implicit: 0, pageLoad: 300000, script: 30000}, unhandledPromptBehavior: dismiss and notify, webauthn:extension:largeBlob: true, webauthn:virtualAuthenticators: true}
Session ID: 7916c3adaaba0fc9f0dad0d9a56fe9f6
*** Element info: {Using=xpath, value=//input[@id='customer_firstname']}
19:03:54.130 [main] ERROR testcases.Logtest - Test is Failed
19:04:09.271 [main] INFO  testcases.Logtest - Before navigating to: 'http://www.automationpractice.com'
19:04:21.843 [main] INFO  testcases.Logtest - Navigated to:'http://www.automationpractice.com'
19:04:21.848 [main] INFO  testcases.Logtest - Test is Started
19:04:21.849 [main] INFO  testcases.Logtest - Trying to find Element By : By.xpath: //a[contains(text(),'Sign in')][1]
19:04:21.880 [main] INFO  testcases.Logtest - Found Element By : By.xpath: //a[contains(text(),'Sign in')][1]
19:04:21.880 [main] INFO  testcases.Logtest - Trying to click on: [[ChromeDriver: chrome on WINDOWS (a1d787ac6aeb67aca0c07a9d6c199aa0)] -> xpath: //a[contains(text(),'Sign in')][1]]
19:04:26.448 [main] INFO  testcases.Logtest - Clicked on: [[ChromeDriver: chrome on WINDOWS (a1d787ac6aeb67aca0c07a9d6c199aa0)] -> xpath: //a[contains(text(),'Sign in')][1]]
19:04:26.448 [main] INFO  testcases.Logtest - Trying to find Element By : By.xpath: //input[@id='email_create']
19:04:26.540 [main] INFO  testcases.Logtest - Found Element By : By.xpath: //input[@id='email_create']
19:04:27.005 [main] INFO  testcases.Logtest - Trying to find Element By : By.xpath: //button[@name='SubmitCreate']
19:04:27.051 [main] INFO  testcases.Logtest - Found Element By : By.xpath: //button[@name='SubmitCreate']
19:04:27.051 [main] INFO  testcases.Logtest - Trying to click on: [[ChromeDriver: chrome on WINDOWS (a1d787ac6aeb67aca0c07a9d6c199aa0)] -> xpath: //button[@name='SubmitCreate']]
19:04:27.219 [main] INFO  testcases.Logtest - Clicked on: [[ChromeDriver: chrome on WINDOWS (a1d787ac6aeb67aca0c07a9d6c199aa0)] -> xpath: //button[@name='SubmitCreate']]
19:04:32.234 [main] INFO  testcases.Logtest - Trying to find Element By : By.xpath: //input[@id='customer_firstname']
19:04:32.263 [main] INFO  testcases.Logtest - Found Element By : By.xpath: //input[@id='customer_firstname']
19:04:33.029 [main] INFO  testcases.Logtest - Trying to find Element By : By.xpath: //input[@id='customer_lastname']
19:04:33.054 [main] INFO  testcases.Logtest - Found Element By : By.xpath: //input[@id='customer_lastname']
19:04:33.212 [main] INFO  testcases.Logtest - Trying to find Element By : By.xpath: //input[@id='passwd']
19:04:33.248 [main] INFO  testcases.Logtest - Found Element By : By.xpath: //input[@id='passwd']
19:04:33.502 [main] INFO  testcases.Logtest - Trying to find Element By : By.xpath: //input[@id='newsletter']
19:04:33.546 [main] INFO  testcases.Logtest - Found Element By : By.xpath: //input[@id='newsletter']
19:04:33.546 [main] INFO  testcases.Logtest - Trying to click on: [[ChromeDriver: chrome on WINDOWS (a1d787ac6aeb67aca0c07a9d6c199aa0)] -> xpath: //input[@id='newsletter']]
19:04:33.705 [main] INFO  testcases.Logtest - Clicked on: [[ChromeDriver: chrome on WINDOWS (a1d787ac6aeb67aca0c07a9d6c199aa0)] -> xpath: //input[@id='newsletter']]
19:04:33.705 [main] INFO  testcases.Logtest - Trying to find Element By : By.xpath: //input[@id='postcode']
19:04:33.738 [main] INFO  testcases.Logtest - Found Element By : By.xpath: //input[@id='postcode']
19:04:33.961 [main] INFO  testcases.Logtest - Trying to find Element By : By.xpath: //input[@id='city']
19:04:33.995 [main] INFO  testcases.Logtest - Found Element By : By.xpath: //input[@id='city']
19:04:34.169 [main] INFO  testcases.Logtest - Trying to find Element By : By.xpath: //input[@id='address1']
19:04:34.202 [main] INFO  testcases.Logtest - Found Element By : By.xpath: //input[@id='address1']
19:04:34.471 [main] INFO  testcases.Logtest - Trying to find Element By : By.xpath: //input[@id='address2']
19:04:34.499 [main] INFO  testcases.Logtest - Found Element By : By.xpath: //input[@id='address2']
19:04:34.873 [main] INFO  testcases.Logtest - Trying to find Element By : By.xpath: //input[@id='phone']
19:04:34.899 [main] INFO  testcases.Logtest - Found Element By : By.xpath: //input[@id='phone']
19:04:35.119 [main] INFO  testcases.Logtest - Trying to find Element By : By.xpath: //input[@id='phone_mobile']
19:04:35.147 [main] INFO  testcases.Logtest - Found Element By : By.xpath: //input[@id='phone_mobile']
19:04:35.334 [main] INFO  testcases.Logtest - Trying to find Element By : By.xpath: //input[@id='company']
19:04:35.384 [main] INFO  testcases.Logtest - Found Element By : By.xpath: //input[@id='company']
19:04:35.632 [main] INFO  testcases.Logtest - Trying to find Element By : By.xpath: //select[@id='days']
19:04:35.661 [main] INFO  testcases.Logtest - Found Element By : By.xpath: //select[@id='days']
19:04:38.798 [main] INFO  testcases.Logtest - Trying to find Element By : By.xpath: //select[@id='years']
19:04:38.823 [main] INFO  testcases.Logtest - Found Element By : By.xpath: //select[@id='years']
19:04:41.975 [main] INFO  testcases.Logtest - Trying to find Element By : By.xpath: //select[@id='months']
19:04:42.021 [main] INFO  testcases.Logtest - Found Element By : By.xpath: //select[@id='months']
19:04:42.159 [main] INFO  testcases.Logtest - Test is Success
19:04:48.149 [main] INFO  testcases.Logtest - Before navigating to: 'http://www.automationpractice.com'
19:04:59.207 [main] INFO  testcases.Logtest - Navigated to:'http://www.automationpractice.com'
19:04:59.210 [main] INFO  testcases.Logtest - Test is Started
19:04:59.212 [main] INFO  testcases.Logtest - Trying to find Element By : By.xpath: //a[contains(text(),'Sign in')][1]
19:04:59.243 [main] INFO  testcases.Logtest - Found Element By : By.xpath: //a[contains(text(),'Sign in')][1]
19:04:59.244 [main] INFO  testcases.Logtest - Trying to click on: [[ChromeDriver: chrome on WINDOWS (5eca21ae8e37fba07fa5a63217df5ff8)] -> xpath: //a[contains(text(),'Sign in')][1]]
19:05:02.959 [main] INFO  testcases.Logtest - Clicked on: [[ChromeDriver: chrome on WINDOWS (5eca21ae8e37fba07fa5a63217df5ff8)] -> xpath: //a[contains(text(),'Sign in')][1]]
19:05:02.959 [main] INFO  testcases.Logtest - Trying to find Element By : By.xpath: //input[@id='email_create']
19:05:03.081 [main] INFO  testcases.Logtest - Found Element By : By.xpath: //input[@id='email_create']
19:05:03.472 [main] INFO  testcases.Logtest - Trying to find Element By : By.xpath: //button[@name='SubmitCreate']
19:05:03.496 [main] INFO  testcases.Logtest - Found Element By : By.xpath: //button[@name='SubmitCreate']
19:05:03.497 [main] INFO  testcases.Logtest - Trying to click on: [[ChromeDriver: chrome on WINDOWS (5eca21ae8e37fba07fa5a63217df5ff8)] -> xpath: //button[@name='SubmitCreate']]
19:05:03.644 [main] INFO  testcases.Logtest - Clicked on: [[ChromeDriver: chrome on WINDOWS (5eca21ae8e37fba07fa5a63217df5ff8)] -> xpath: //button[@name='SubmitCreate']]
19:05:08.646 [main] INFO  testcases.Logtest - Trying to find Element By : By.xpath: //input[@id='customer_firstname']
19:05:08.670 [main] INFO  testcases.Logtest - Found Element By : By.xpath: //input[@id='customer_firstname']
19:05:08.865 [main] INFO  testcases.Logtest - Trying to find Element By : By.xpath: //input[@id='customer_lastname']
19:05:08.896 [main] INFO  testcases.Logtest - Found Element By : By.xpath: //input[@id='customer_lastname']
19:05:09.030 [main] INFO  testcases.Logtest - Trying to find Element By : By.xpath: //input[@id='passwd']
19:05:09.068 [main] INFO  testcases.Logtest - Found Element By : By.xpath: //input[@id='passwd']
19:05:09.270 [main] INFO  testcases.Logtest - Trying to find Element By : By.xpath: //input[@id='newsletter']
19:05:09.302 [main] INFO  testcases.Logtest - Found Element By : By.xpath: //input[@id='newsletter']
19:05:09.302 [main] INFO  testcases.Logtest - Trying to click on: [[ChromeDriver: chrome on WINDOWS (5eca21ae8e37fba07fa5a63217df5ff8)] -> xpath: //input[@id='newsletter']]
19:05:09.435 [main] INFO  testcases.Logtest - Clicked on: [[ChromeDriver: chrome on WINDOWS (5eca21ae8e37fba07fa5a63217df5ff8)] -> xpath: //input[@id='newsletter']]
19:05:09.436 [main] INFO  testcases.Logtest - Trying to find Element By : By.xpath: //input[@id='postcode']
19:05:09.475 [main] INFO  testcases.Logtest - Found Element By : By.xpath: //input[@id='postcode']
19:05:09.670 [main] INFO  testcases.Logtest - Trying to find Element By : By.xpath: //input[@id='city']
19:05:09.698 [main] INFO  testcases.Logtest - Found Element By : By.xpath: //input[@id='city']
19:05:09.882 [main] INFO  testcases.Logtest - Trying to find Element By : By.xpath: //input[@id='address1']
19:05:09.910 [main] INFO  testcases.Logtest - Found Element By : By.xpath: //input[@id='address1']
19:05:10.124 [main] INFO  testcases.Logtest - Trying to find Element By : By.xpath: //input[@id='address2']
19:05:10.156 [main] INFO  testcases.Logtest - Found Element By : By.xpath: //input[@id='address2']
19:05:10.513 [main] INFO  testcases.Logtest - Trying to find Element By : By.xpath: //input[@id='phone']
19:05:10.542 [main] INFO  testcases.Logtest - Found Element By : By.xpath: //input[@id='phone']
19:05:10.685 [main] INFO  testcases.Logtest - Trying to find Element By : By.xpath: //input[@id='phone_mobile']
19:05:10.763 [main] INFO  testcases.Logtest - Found Element By : By.xpath: //input[@id='phone_mobile']
19:05:10.929 [main] INFO  testcases.Logtest - Trying to find Element By : By.xpath: //input[@id='company']
19:05:10.971 [main] INFO  testcases.Logtest - Found Element By : By.xpath: //input[@id='company']
19:05:11.185 [main] INFO  testcases.Logtest - Trying to find Element By : By.xpath: //select[@id='days']
19:05:11.209 [main] INFO  testcases.Logtest - Found Element By : By.xpath: //select[@id='days']
19:05:14.333 [main] INFO  testcases.Logtest - Trying to find Element By : By.xpath: //select[@id='years']
19:05:14.353 [main] INFO  testcases.Logtest - Found Element By : By.xpath: //select[@id='years']
19:05:17.465 [main] INFO  testcases.Logtest - Trying to find Element By : By.xpath: //select[@id='months']
19:05:17.500 [main] INFO  testcases.Logtest - Found Element By : By.xpath: //select[@id='months']
19:05:17.630 [main] INFO  testcases.Logtest - Test is Success
19:05:24.612 [main] INFO  testcases.Logtest - Before navigating to: 'http://www.automationpractice.com'
19:05:42.269 [main] INFO  testcases.Logtest - Navigated to:'http://www.automationpractice.com'
19:05:42.272 [main] INFO  testcases.Logtest - Test is Started
19:05:42.299 [main] INFO  testcases.Logtest - Trying to find Element By : By.xpath: //a[contains(text(),'Sign in')][1]
19:05:43.088 [main] INFO  testcases.Logtest - Found Element By : By.xpath: //a[contains(text(),'Sign in')][1]
19:05:43.089 [main] INFO  testcases.Logtest - Trying to click on: [[ChromeDriver: chrome on WINDOWS (15d4bac1aae530e15025a6f3efc50e04)] -> xpath: //a[contains(text(),'Sign in')][1]]
19:05:49.107 [main] INFO  testcases.Logtest - Clicked on: [[ChromeDriver: chrome on WINDOWS (15d4bac1aae530e15025a6f3efc50e04)] -> xpath: //a[contains(text(),'Sign in')][1]]
19:05:49.108 [main] INFO  testcases.Logtest - Trying to find Element By : By.xpath: //input[@id='email_create']
19:05:49.142 [main] INFO  testcases.Logtest - Found Element By : By.xpath: //input[@id='email_create']
19:05:50.993 [main] INFO  testcases.Logtest - Trying to find Element By : By.xpath: //button[@name='SubmitCreate']
19:05:51.018 [main] INFO  testcases.Logtest - Found Element By : By.xpath: //button[@name='SubmitCreate']
19:05:51.019 [main] INFO  testcases.Logtest - Trying to click on: [[ChromeDriver: chrome on WINDOWS (15d4bac1aae530e15025a6f3efc50e04)] -> xpath: //button[@name='SubmitCreate']]
19:05:51.259 [main] INFO  testcases.Logtest - Clicked on: [[ChromeDriver: chrome on WINDOWS (15d4bac1aae530e15025a6f3efc50e04)] -> xpath: //button[@name='SubmitCreate']]
19:05:56.273 [main] INFO  testcases.Logtest - Trying to find Element By : By.xpath: //input[@id='customer_firstname']
19:05:56.313 [main] INFO  testcases.Logtest - Found Element By : By.xpath: //input[@id='customer_firstname']
19:05:57.001 [main] INFO  testcases.Logtest - Trying to find Element By : By.xpath: //input[@id='customer_lastname']
19:05:57.028 [main] INFO  testcases.Logtest - Found Element By : By.xpath: //input[@id='customer_lastname']
19:05:57.190 [main] INFO  testcases.Logtest - Trying to find Element By : By.xpath: //input[@id='passwd']
19:05:57.233 [main] INFO  testcases.Logtest - Found Element By : By.xpath: //input[@id='passwd']
19:05:57.746 [main] INFO  testcases.Logtest - Trying to find Element By : By.xpath: //input[@id='newsletter']
19:05:57.785 [main] INFO  testcases.Logtest - Found Element By : By.xpath: //input[@id='newsletter']
19:05:57.785 [main] INFO  testcases.Logtest - Trying to click on: [[ChromeDriver: chrome on WINDOWS (15d4bac1aae530e15025a6f3efc50e04)] -> xpath: //input[@id='newsletter']]
19:05:57.911 [main] INFO  testcases.Logtest - Clicked on: [[ChromeDriver: chrome on WINDOWS (15d4bac1aae530e15025a6f3efc50e04)] -> xpath: //input[@id='newsletter']]
19:05:57.911 [main] INFO  testcases.Logtest - Trying to find Element By : By.xpath: //input[@id='postcode']
19:05:57.947 [main] INFO  testcases.Logtest - Found Element By : By.xpath: //input[@id='postcode']
19:05:58.166 [main] INFO  testcases.Logtest - Trying to find Element By : By.xpath: //input[@id='city']
19:05:58.198 [main] INFO  testcases.Logtest - Found Element By : By.xpath: //input[@id='city']
19:05:58.330 [main] INFO  testcases.Logtest - Trying to find Element By : By.xpath: //input[@id='address1']
19:05:58.380 [main] INFO  testcases.Logtest - Found Element By : By.xpath: //input[@id='address1']
19:05:58.609 [main] INFO  testcases.Logtest - Trying to find Element By : By.xpath: //input[@id='address2']
19:05:58.638 [main] INFO  testcases.Logtest - Found Element By : By.xpath: //input[@id='address2']
19:05:58.942 [main] INFO  testcases.Logtest - Trying to find Element By : By.xpath: //input[@id='phone']
19:05:58.963 [main] INFO  testcases.Logtest - Found Element By : By.xpath: //input[@id='phone']
19:05:59.163 [main] INFO  testcases.Logtest - Trying to find Element By : By.xpath: //input[@id='phone_mobile']
19:05:59.224 [main] INFO  testcases.Logtest - Found Element By : By.xpath: //input[@id='phone_mobile']
19:05:59.427 [main] INFO  testcases.Logtest - Trying to find Element By : By.xpath: //input[@id='company']
19:05:59.462 [main] INFO  testcases.Logtest - Found Element By : By.xpath: //input[@id='company']
19:05:59.717 [main] INFO  testcases.Logtest - Trying to find Element By : By.xpath: //select[@id='days']
19:05:59.741 [main] INFO  testcases.Logtest - Found Element By : By.xpath: //select[@id='days']
19:06:02.854 [main] INFO  testcases.Logtest - Trying to find Element By : By.xpath: //select[@id='years']
19:06:02.890 [main] INFO  testcases.Logtest - Found Element By : By.xpath: //select[@id='years']
19:06:03.025 [main] INFO  testcases.Logtest - Test is Success
19:06:10.605 [main] INFO  testcases.Logtest - Before navigating to: 'http://www.automationpractice.com'
19:06:27.743 [main] INFO  testcases.Logtest - Navigated to:'http://www.automationpractice.com'
19:06:27.749 [main] INFO  testcases.Logtest - Test is Started
19:06:27.789 [main] INFO  testcases.Logtest - Trying to find Element By : By.xpath: //a[contains(text(),'Sign in')][1]
19:06:27.820 [main] INFO  testcases.Logtest - Found Element By : By.xpath: //a[contains(text(),'Sign in')][1]
19:06:27.821 [main] INFO  testcases.Logtest - Trying to click on: [[ChromeDriver: chrome on WINDOWS (670094fe15ddbf466f63b347cb85e6e2)] -> xpath: //a[contains(text(),'Sign in')][1]]
19:06:31.981 [main] INFO  testcases.Logtest - Clicked on: [[ChromeDriver: chrome on WINDOWS (670094fe15ddbf466f63b347cb85e6e2)] -> xpath: //a[contains(text(),'Sign in')][1]]
19:06:31.981 [main] INFO  testcases.Logtest - Trying to find Element By : By.xpath: //input[@id='email_create']
19:06:32.050 [main] INFO  testcases.Logtest - Found Element By : By.xpath: //input[@id='email_create']
19:06:32.414 [main] INFO  testcases.Logtest - Trying to find Element By : By.xpath: //button[@name='SubmitCreate']
19:06:32.456 [main] INFO  testcases.Logtest - Found Element By : By.xpath: //button[@name='SubmitCreate']
19:06:32.456 [main] INFO  testcases.Logtest - Trying to click on: [[ChromeDriver: chrome on WINDOWS (670094fe15ddbf466f63b347cb85e6e2)] -> xpath: //button[@name='SubmitCreate']]
19:06:32.579 [main] INFO  testcases.Logtest - Clicked on: [[ChromeDriver: chrome on WINDOWS (670094fe15ddbf466f63b347cb85e6e2)] -> xpath: //button[@name='SubmitCreate']]
19:06:37.594 [main] INFO  testcases.Logtest - Trying to find Element By : By.xpath: //input[@id='customer_firstname']
19:06:37.630 [main] INFO  testcases.Logtest - Found Element By : By.xpath: //input[@id='customer_firstname']
19:06:38.137 [main] INFO  testcases.Logtest - Trying to find Element By : By.xpath: //input[@id='customer_lastname']
19:06:38.161 [main] INFO  testcases.Logtest - Found Element By : By.xpath: //input[@id='customer_lastname']
19:06:38.309 [main] INFO  testcases.Logtest - Trying to find Element By : By.xpath: //input[@id='passwd']
19:06:38.348 [main] INFO  testcases.Logtest - Found Element By : By.xpath: //input[@id='passwd']
19:06:38.579 [main] INFO  testcases.Logtest - Trying to find Element By : By.xpath: //input[@id='newsletter']
19:06:38.614 [main] INFO  testcases.Logtest - Found Element By : By.xpath: //input[@id='newsletter']
19:06:38.614 [main] INFO  testcases.Logtest - Trying to click on: [[ChromeDriver: chrome on WINDOWS (670094fe15ddbf466f63b347cb85e6e2)] -> xpath: //input[@id='newsletter']]
19:06:38.734 [main] INFO  testcases.Logtest - Clicked on: [[ChromeDriver: chrome on WINDOWS (670094fe15ddbf466f63b347cb85e6e2)] -> xpath: //input[@id='newsletter']]
19:06:38.735 [main] INFO  testcases.Logtest - Trying to find Element By : By.xpath: //input[@id='postcode']
19:06:38.781 [main] INFO  testcases.Logtest - Found Element By : By.xpath: //input[@id='postcode']
19:06:38.962 [main] INFO  testcases.Logtest - Trying to find Element By : By.xpath: //input[@id='city']
19:06:39.018 [main] INFO  testcases.Logtest - Found Element By : By.xpath: //input[@id='city']
19:06:39.218 [main] INFO  testcases.Logtest - Trying to find Element By : By.xpath: //input[@id='address1']
19:06:39.250 [main] INFO  testcases.Logtest - Found Element By : By.xpath: //input[@id='address1']
19:06:39.605 [main] INFO  testcases.Logtest - Trying to find Element By : By.xpath: //input[@id='address2']
19:06:39.626 [main] INFO  testcases.Logtest - Found Element By : By.xpath: //input[@id='address2']
19:06:39.993 [main] INFO  testcases.Logtest - Trying to find Element By : By.xpath: //input[@id='phone']
19:06:40.023 [main] INFO  testcases.Logtest - Found Element By : By.xpath: //input[@id='phone']
19:06:40.191 [main] INFO  testcases.Logtest - Trying to find Element By : By.xpath: //input[@id='phone_mobile']
19:06:40.264 [main] INFO  testcases.Logtest - Found Element By : By.xpath: //input[@id='phone_mobile']
19:06:40.445 [main] INFO  testcases.Logtest - Trying to find Element By : By.xpath: //input[@id='company']
19:06:40.474 [main] INFO  testcases.Logtest - Found Element By : By.xpath: //input[@id='company']
19:06:40.728 [main] INFO  testcases.Logtest - Trying to find Element By : By.xpath: //select[@id='days']
19:06:40.757 [main] INFO  testcases.Logtest - Found Element By : By.xpath: //select[@id='days']
19:06:43.860 [main] INFO  testcases.Logtest - Trying to find Element By : By.xpath: //select[@id='years']
19:06:43.880 [main] INFO  testcases.Logtest - Found Element By : By.xpath: //select[@id='years']
19:06:47.042 [main] INFO  testcases.Logtest - Trying to find Element By : By.xpath: //select[@id='months']
19:06:47.078 [main] INFO  testcases.Logtest - Found Element By : By.xpath: //select[@id='months']
19:06:47.208 [main] INFO  testcases.Logtest - Test is Success
19:06:49.156 [main] INFO  testcases.Logtest - On Finish
16:03:41.645 [main] INFO  testcases.Logtest - On Start
16:04:22.688 [main] INFO  testcases.Logtest - Before navigating to: 'http://www.automationpractice.com'
16:04:33.971 [main] INFO  testcases.Logtest - Navigated to:'http://www.automationpractice.com'
16:04:34.381 [main] INFO  testcases.Logtest - Test is Started
16:04:34.439 [main] INFO  testcases.Logtest - Trying to find Element By : By.xpath: //a[contains(text(),'Sign in')][1]
16:04:35.488 [main] INFO  testcases.Logtest - Found Element By : By.xpath: //a[contains(text(),'Sign in')][1]
16:04:35.511 [main] INFO  testcases.Logtest - Trying to click on: [[ChromeDriver: chrome on WINDOWS (956b54c934c8a0bc1caf8b1bf388bdcf)] -> xpath: //a[contains(text(),'Sign in')][1]]
16:04:42.442 [main] INFO  testcases.Logtest - Clicked on: [[ChromeDriver: chrome on WINDOWS (956b54c934c8a0bc1caf8b1bf388bdcf)] -> xpath: //a[contains(text(),'Sign in')][1]]
16:04:42.443 [main] INFO  testcases.Logtest - Trying to find Element By : By.xpath: //input[@id='email_create']
16:04:42.569 [main] INFO  testcases.Logtest - Found Element By : By.xpath: //input[@id='email_create']
16:04:43.425 [main] INFO  testcases.Logtest - Trying to find Element By : By.xpath: //button[@name='SubmitCreate']
16:04:43.562 [main] INFO  testcases.Logtest - Found Element By : By.xpath: //button[@name='SubmitCreate']
16:04:43.563 [main] INFO  testcases.Logtest - Trying to click on: [[ChromeDriver: chrome on WINDOWS (956b54c934c8a0bc1caf8b1bf388bdcf)] -> xpath: //button[@name='SubmitCreate']]
16:04:43.834 [main] INFO  testcases.Logtest - Clicked on: [[ChromeDriver: chrome on WINDOWS (956b54c934c8a0bc1caf8b1bf388bdcf)] -> xpath: //button[@name='SubmitCreate']]
16:04:48.846 [main] INFO  testcases.Logtest - Trying to find Element By : By.xpath: //input[@id='customer_firstname']
16:04:49.073 [main] INFO  testcases.Logtest - Found Element By : By.xpath: //input[@id='customer_firstname']
16:04:49.506 [main] INFO  testcases.Logtest - Trying to find Element By : By.xpath: //input[@id='customer_lastname']
16:04:49.550 [main] INFO  testcases.Logtest - Found Element By : By.xpath: //input[@id='customer_lastname']
16:04:49.784 [main] INFO  testcases.Logtest - Trying to find Element By : By.xpath: //input[@id='passwd']
16:04:49.872 [main] INFO  testcases.Logtest - Found Element By : By.xpath: //input[@id='passwd']
16:04:50.201 [main] INFO  testcases.Logtest - Trying to find Element By : By.xpath: //input[@id='newsletter']
16:04:50.316 [main] INFO  testcases.Logtest - Found Element By : By.xpath: //input[@id='newsletter']
16:04:50.316 [main] INFO  testcases.Logtest - Trying to click on: [[ChromeDriver: chrome on WINDOWS (956b54c934c8a0bc1caf8b1bf388bdcf)] -> xpath: //input[@id='newsletter']]
16:04:50.807 [main] INFO  testcases.Logtest - Clicked on: [[ChromeDriver: chrome on WINDOWS (956b54c934c8a0bc1caf8b1bf388bdcf)] -> xpath: //input[@id='newsletter']]
16:04:50.807 [main] INFO  testcases.Logtest - Trying to find Element By : By.xpath: //input[@id='postcode']
16:04:50.940 [main] INFO  testcases.Logtest - Found Element By : By.xpath: //input[@id='postcode']
16:04:51.383 [main] INFO  testcases.Logtest - Trying to find Element By : By.xpath: //input[@id='city']
16:04:51.466 [main] INFO  testcases.Logtest - Found Element By : By.xpath: //input[@id='city']
16:04:51.851 [main] INFO  testcases.Logtest - Trying to find Element By : By.xpath: //input[@id='address1']
16:04:51.901 [main] INFO  testcases.Logtest - Found Element By : By.xpath: //input[@id='address1']
16:04:52.525 [main] INFO  testcases.Logtest - Trying to find Element By : By.xpath: //input[@id='address2']
16:04:52.581 [main] INFO  testcases.Logtest - Found Element By : By.xpath: //input[@id='address2']
16:04:53.363 [main] INFO  testcases.Logtest - Trying to find Element By : By.xpath: //input[@id='phone']
16:04:53.406 [main] INFO  testcases.Logtest - Found Element By : By.xpath: //input[@id='phone']
16:04:53.974 [main] INFO  testcases.Logtest - Trying to find Element By : By.xpath: //input[@id='phone_mobile']
16:04:54.024 [main] INFO  testcases.Logtest - Found Element By : By.xpath: //input[@id='phone_mobile']
16:04:54.530 [main] INFO  testcases.Logtest - Trying to find Element By : By.xpath: //input[@id='company']
16:04:54.605 [main] INFO  testcases.Logtest - Found Element By : By.xpath: //input[@id='company']
16:04:55.384 [main] INFO  testcases.Logtest - Trying to find Element By : By.xpath: //select[@id='days']
16:04:55.424 [main] INFO  testcases.Logtest - Found Element By : By.xpath: //select[@id='days']
16:04:58.871 [main] INFO  testcases.Logtest - Trying to find Element By : By.xpath: //select[@id='years']
16:04:58.911 [main] INFO  testcases.Logtest - Found Element By : By.xpath: //select[@id='years']
16:05:02.264 [main] INFO  testcases.Logtest - Trying to find Element By : By.xpath: //select[@id='months']
16:05:02.300 [main] INFO  testcases.Logtest - Found Element By : By.xpath: //select[@id='months']
16:05:02.530 [main] INFO  testcases.Logtest - Test is Success
16:05:09.503 [main] INFO  testcases.Logtest - Before navigating to: 'http://www.automationpractice.com'
16:05:22.226 [main] INFO  testcases.Logtest - Navigated to:'http://www.automationpractice.com'
16:05:22.233 [main] INFO  testcases.Logtest - Test is Started
16:05:22.236 [main] INFO  testcases.Logtest - Trying to find Element By : By.xpath: //a[contains(text(),'Sign in')][1]
16:05:22.386 [main] INFO  testcases.Logtest - Found Element By : By.xpath: //a[contains(text(),'Sign in')][1]
16:05:22.387 [main] INFO  testcases.Logtest - Trying to click on: [[ChromeDriver: chrome on WINDOWS (96eea0f1cdb90e1901b991502d9ab4ac)] -> xpath: //a[contains(text(),'Sign in')][1]]
16:05:29.927 [main] INFO  testcases.Logtest - Clicked on: [[ChromeDriver: chrome on WINDOWS (96eea0f1cdb90e1901b991502d9ab4ac)] -> xpath: //a[contains(text(),'Sign in')][1]]
16:05:29.938 [main] INFO  testcases.Logtest - Trying to find Element By : By.xpath: //input[@id='email_create']
16:05:30.003 [main] INFO  testcases.Logtest - Found Element By : By.xpath: //input[@id='email_create']
16:05:30.801 [main] INFO  testcases.Logtest - Trying to find Element By : By.xpath: //button[@name='SubmitCreate']
16:05:30.869 [main] INFO  testcases.Logtest - Found Element By : By.xpath: //button[@name='SubmitCreate']
16:05:30.870 [main] INFO  testcases.Logtest - Trying to click on: [[ChromeDriver: chrome on WINDOWS (96eea0f1cdb90e1901b991502d9ab4ac)] -> xpath: //button[@name='SubmitCreate']]
16:05:31.156 [main] INFO  testcases.Logtest - Clicked on: [[ChromeDriver: chrome on WINDOWS (96eea0f1cdb90e1901b991502d9ab4ac)] -> xpath: //button[@name='SubmitCreate']]
16:05:36.156 [main] INFO  testcases.Logtest - Trying to find Element By : By.xpath: //input[@id='customer_firstname']
16:05:36.213 [main] INFO  testcases.Logtest - Found Element By : By.xpath: //input[@id='customer_firstname']
16:05:36.563 [main] INFO  testcases.Logtest - Trying to find Element By : By.xpath: //input[@id='customer_lastname']
16:05:36.606 [main] INFO  testcases.Logtest - Found Element By : By.xpath: //input[@id='customer_lastname']
16:05:36.907 [main] INFO  testcases.Logtest - Trying to find Element By : By.xpath: //input[@id='passwd']
16:05:36.972 [main] INFO  testcases.Logtest - Found Element By : By.xpath: //input[@id='passwd']
16:05:37.253 [main] INFO  testcases.Logtest - Trying to find Element By : By.xpath: //input[@id='newsletter']
16:05:37.339 [main] INFO  testcases.Logtest - Found Element By : By.xpath: //input[@id='newsletter']
16:05:37.340 [main] INFO  testcases.Logtest - Trying to click on: [[ChromeDriver: chrome on WINDOWS (96eea0f1cdb90e1901b991502d9ab4ac)] -> xpath: //input[@id='newsletter']]
16:05:37.655 [main] INFO  testcases.Logtest - Clicked on: [[ChromeDriver: chrome on WINDOWS (96eea0f1cdb90e1901b991502d9ab4ac)] -> xpath: //input[@id='newsletter']]
16:05:37.655 [main] INFO  testcases.Logtest - Trying to find Element By : By.xpath: //input[@id='postcode']
16:05:37.752 [main] INFO  testcases.Logtest - Found Element By : By.xpath: //input[@id='postcode']
16:05:38.134 [main] INFO  testcases.Logtest - Trying to find Element By : By.xpath: //input[@id='city']
16:05:38.183 [main] INFO  testcases.Logtest - Found Element By : By.xpath: //input[@id='city']
16:05:38.420 [main] INFO  testcases.Logtest - Trying to find Element By : By.xpath: //input[@id='address1']
16:05:38.512 [main] INFO  testcases.Logtest - Found Element By : By.xpath: //input[@id='address1']
16:05:38.985 [main] INFO  testcases.Logtest - Trying to find Element By : By.xpath: //input[@id='address2']
16:05:39.041 [main] INFO  testcases.Logtest - Found Element By : By.xpath: //input[@id='address2']
16:05:39.510 [main] INFO  testcases.Logtest - Trying to find Element By : By.xpath: //input[@id='phone']
16:05:39.555 [main] INFO  testcases.Logtest - Found Element By : By.xpath: //input[@id='phone']
16:05:39.957 [main] INFO  testcases.Logtest - Trying to find Element By : By.xpath: //input[@id='phone_mobile']
16:05:40.065 [main] INFO  testcases.Logtest - Found Element By : By.xpath: //input[@id='phone_mobile']
16:05:40.447 [main] INFO  testcases.Logtest - Trying to find Element By : By.xpath: //input[@id='company']
16:05:40.509 [main] INFO  testcases.Logtest - Found Element By : By.xpath: //input[@id='company']
16:05:41.194 [main] INFO  testcases.Logtest - Trying to find Element By : By.xpath: //select[@id='days']
16:05:41.302 [main] INFO  testcases.Logtest - Found Element By : By.xpath: //select[@id='days']
16:05:44.575 [main] INFO  testcases.Logtest - Trying to find Element By : By.xpath: //select[@id='years']
16:05:44.660 [main] INFO  testcases.Logtest - Found Element By : By.xpath: //select[@id='years']
16:05:44.903 [main] INFO  testcases.Logtest - Test is Success
16:05:50.251 [main] INFO  testcases.Logtest - Before navigating to: 'http://www.automationpractice.com'
16:06:02.681 [main] INFO  testcases.Logtest - Navigated to:'http://www.automationpractice.com'
16:06:02.685 [main] INFO  testcases.Logtest - Test is Started
16:06:02.712 [main] INFO  testcases.Logtest - Trying to find Element By : By.xpath: //a[contains(text(),'Sign in')][1]
16:06:02.904 [main] INFO  testcases.Logtest - Found Element By : By.xpath: //a[contains(text(),'Sign in')][1]
16:06:02.906 [main] INFO  testcases.Logtest - Trying to click on: [[ChromeDriver: chrome on WINDOWS (6779794f577ca5a818620119e1d4a79c)] -> xpath: //a[contains(text(),'Sign in')][1]]
16:06:07.212 [main] INFO  testcases.Logtest - Clicked on: [[ChromeDriver: chrome on WINDOWS (6779794f577ca5a818620119e1d4a79c)] -> xpath: //a[contains(text(),'Sign in')][1]]
16:06:07.212 [main] INFO  testcases.Logtest - Trying to find Element By : By.xpath: //input[@id='email_create']
16:06:07.273 [main] INFO  testcases.Logtest - Found Element By : By.xpath: //input[@id='email_create']
16:06:08.032 [main] INFO  testcases.Logtest - Trying to find Element By : By.xpath: //button[@name='SubmitCreate']
16:06:08.078 [main] INFO  testcases.Logtest - Found Element By : By.xpath: //button[@name='SubmitCreate']
16:06:08.080 [main] INFO  testcases.Logtest - Trying to click on: [[ChromeDriver: chrome on WINDOWS (6779794f577ca5a818620119e1d4a79c)] -> xpath: //button[@name='SubmitCreate']]
16:06:08.352 [main] INFO  testcases.Logtest - Clicked on: [[ChromeDriver: chrome on WINDOWS (6779794f577ca5a818620119e1d4a79c)] -> xpath: //button[@name='SubmitCreate']]
16:06:13.371 [main] INFO  testcases.Logtest - Trying to find Element By : By.xpath: //input[@id='customer_firstname']
16:06:13.534 [main] INFO  testcases.Logtest - Found Element By : By.xpath: //input[@id='customer_firstname']
16:06:13.892 [main] INFO  testcases.Logtest - Trying to find Element By : By.xpath: //input[@id='customer_lastname']
16:06:13.945 [main] INFO  testcases.Logtest - Found Element By : By.xpath: //input[@id='customer_lastname']
16:06:14.341 [main] INFO  testcases.Logtest - Trying to find Element By : By.xpath: //input[@id='passwd']
16:06:14.472 [main] INFO  testcases.Logtest - Found Element By : By.xpath: //input[@id='passwd']
16:06:14.817 [main] INFO  testcases.Logtest - Trying to find Element By : By.xpath: //input[@id='newsletter']
16:06:14.863 [main] INFO  testcases.Logtest - Found Element By : By.xpath: //input[@id='newsletter']
16:06:14.863 [main] INFO  testcases.Logtest - Trying to click on: [[ChromeDriver: chrome on WINDOWS (6779794f577ca5a818620119e1d4a79c)] -> xpath: //input[@id='newsletter']]
16:06:15.191 [main] INFO  testcases.Logtest - Clicked on: [[ChromeDriver: chrome on WINDOWS (6779794f577ca5a818620119e1d4a79c)] -> xpath: //input[@id='newsletter']]
16:06:15.192 [main] INFO  testcases.Logtest - Trying to find Element By : By.xpath: //input[@id='postcode']
16:06:15.287 [main] INFO  testcases.Logtest - Found Element By : By.xpath: //input[@id='postcode']
16:06:15.710 [main] INFO  testcases.Logtest - Trying to find Element By : By.xpath: //input[@id='city']
16:06:15.767 [main] INFO  testcases.Logtest - Found Element By : By.xpath: //input[@id='city']
16:06:16.176 [main] INFO  testcases.Logtest - Trying to find Element By : By.xpath: //input[@id='address1']
16:06:16.236 [main] INFO  testcases.Logtest - Found Element By : By.xpath: //input[@id='address1']
16:06:16.622 [main] INFO  testcases.Logtest - Trying to find Element By : By.xpath: //input[@id='address2']
16:06:16.669 [main] INFO  testcases.Logtest - Found Element By : By.xpath: //input[@id='address2']
16:06:17.442 [main] INFO  testcases.Logtest - Trying to find Element By : By.xpath: //input[@id='phone']
16:06:17.501 [main] INFO  testcases.Logtest - Found Element By : By.xpath: //input[@id='phone']
16:06:18.041 [main] INFO  testcases.Logtest - Trying to find Element By : By.xpath: //input[@id='phone_mobile']
16:06:18.084 [main] INFO  testcases.Logtest - Found Element By : By.xpath: //input[@id='phone_mobile']
16:06:18.388 [main] INFO  testcases.Logtest - Trying to find Element By : By.xpath: //input[@id='company']
16:06:18.442 [main] INFO  testcases.Logtest - Found Element By : By.xpath: //input[@id='company']
16:06:18.992 [main] INFO  testcases.Logtest - Trying to find Element By : By.xpath: //select[@id='days']
16:06:19.037 [main] INFO  testcases.Logtest - Found Element By : By.xpath: //select[@id='days']
16:06:22.259 [main] INFO  testcases.Logtest - Trying to find Element By : By.xpath: //select[@id='years']
16:06:22.286 [main] INFO  testcases.Logtest - Found Element By : By.xpath: //select[@id='years']
16:06:25.610 [main] INFO  testcases.Logtest - Trying to find Element By : By.xpath: //select[@id='months']
16:06:25.713 [main] INFO  testcases.Logtest - Found Element By : By.xpath: //select[@id='months']
16:06:26.049 [main] INFO  testcases.Logtest - Test is Success
16:06:28.273 [main] INFO  testcases.Logtest - On Finish
